\BOOKMARK [1][-]{Abstract.1}{Abstract}{}% 1
\BOOKMARK [1][-]{Dedication.1}{Dedication}{}% 2
\BOOKMARK [1][-]{tableofcontents.1}{Contents}{}% 3
\BOOKMARK [1][-]{lof.1}{List of Figures}{}% 4
\BOOKMARK [1][-]{lot.1}{List of Tables}{}% 5
\BOOKMARK [1][-]{lol.1}{Listings}{}% 6
\BOOKMARK [1][-]{acronyms.1}{Acronyms}{}% 7
\BOOKMARK [0][]{chapter.1}{1 Introduction}{}% 8
\BOOKMARK [0][]{chapter.2}{2 Convolutional neural networks}{}% 9
\BOOKMARK [1][-]{section.2.1}{2.1 Main features}{chapter.2}% 10
\BOOKMARK [1][-]{section.2.2}{2.2 The convolution operation}{chapter.2}% 11
\BOOKMARK [1][-]{section.2.3}{2.3 Architecture}{chapter.2}% 12
\BOOKMARK [2][-]{subsection.2.3.1}{2.3.1 Convolutional layer}{section.2.3}% 13
\BOOKMARK [2][-]{subsection.2.3.2}{2.3.2 ReLU layer}{section.2.3}% 14
\BOOKMARK [2][-]{subsection.2.3.3}{2.3.3 Pooling layer}{section.2.3}% 15
\BOOKMARK [2][-]{subsection.2.3.4}{2.3.4 Fully connected layer}{section.2.3}% 16
\BOOKMARK [2][-]{subsection.2.3.5}{2.3.5 Dropout layer}{section.2.3}% 17
\BOOKMARK [2][-]{subsection.2.3.6}{2.3.6 Loss layer}{section.2.3}% 18
\BOOKMARK [1][-]{section.2.4}{2.4 Hyperparameters}{chapter.2}% 19
\BOOKMARK [1][-]{section.2.5}{2.5 Applications}{chapter.2}% 20
\BOOKMARK [2][-]{subsection.2.5.1}{2.5.1 Image recognition}{section.2.5}% 21
\BOOKMARK [2][-]{subsection.2.5.2}{2.5.2 Video analysis}{section.2.5}% 22
\BOOKMARK [2][-]{subsection.2.5.3}{2.5.3 Natural language processing}{section.2.5}% 23
\BOOKMARK [2][-]{subsection.2.5.4}{2.5.4 Drug discovery}{section.2.5}% 24
\BOOKMARK [2][-]{subsection.2.5.5}{2.5.5 Playing Go}{section.2.5}% 25
\BOOKMARK [0][]{chapter.3}{3 Tensorflow basics}{}% 26
\BOOKMARK [1][-]{section.3.1}{3.1 Overview}{chapter.3}% 27
\BOOKMARK [1][-]{section.3.2}{3.2 The computation graph}{chapter.3}% 28
\BOOKMARK [2][-]{subsection.3.2.1}{3.2.1 Building the graph}{section.3.2}% 29
\BOOKMARK [2][-]{subsection.3.2.2}{3.2.2 Launching the graph}{section.3.2}% 30
\BOOKMARK [1][-]{section.3.3}{3.3 Variables}{chapter.3}% 31
\BOOKMARK [2][-]{subsection.3.3.1}{3.3.1 Creation}{section.3.3}% 32
\BOOKMARK [2][-]{subsection.3.3.2}{3.3.2 Initialization}{section.3.3}% 33
\BOOKMARK [2][-]{subsection.3.3.3}{3.3.3 Saving and restoring}{section.3.3}% 34
\BOOKMARK [1][-]{section.3.4}{3.4 Feeds}{chapter.3}% 35
\BOOKMARK [1][-]{section.3.5}{3.5 Tensorboard}{chapter.3}% 36
\BOOKMARK [1][-]{section.3.6}{3.6 A very simple model}{chapter.3}% 37
\BOOKMARK [0][]{chapter.4}{4 A basic Tensorflow model}{}% 38
\BOOKMARK [0][]{chapter.5}{5 Analysis of the collected data}{}% 39
\BOOKMARK [0][]{chapter.6}{6 Conclusions and future work}{}% 40
\BOOKMARK [0][]{dummy.7}{References}{}% 41
